EDA Netlist Writer report for E2_Full_Adder
Tue Sep 17 12:17:33 2019
Quartus II 64-Bit Version 13.0.0 Build 156 04/24/2013 SJ Full Version


---------------------
; Table of Contents ;
---------------------
  1. Legal Notice
  2. EDA Netlist Writer Summary
  3. Simulation Settings
  4. Simulation Generated Files
  5. EDA Netlist Writer Messages



----------------
; Legal Notice ;
----------------
Copyright (C) 1991-2013 Altera Corporation
Your use of Altera Corporation's design tools, logic functions 
and other software and tools, and its AMPP partner logic 
functions, and any output files from any of the foregoing 
(including device programming or simulation files), and any 
associated documentation or information are expressly subject 
to the terms and conditions of the Altera Program License 
Subscription Agreement, Altera MegaCore Function License 
Agreement, or other applicable license agreement, including, 
without limitation, that your use is for the sole purpose of 
programming logic devices manufactured by Altera and sold by 
Altera or its authorized distributors.  Please refer to the 
applicable agreement for further details.



+-------------------------------------------------------------------+
; EDA Netlist Writer Summary                                        ;
+---------------------------+---------------------------------------+
; EDA Netlist Writer Status ; Successful - Tue Sep 17 12:17:33 2019 ;
; Revision Name             ; E2_Full_Adder                         ;
; Top-level Entity Name     ; E2_Full_Adder                         ;
; Family                    ; Cyclone IV E                          ;
; Simulation Files Creation ; Successful                            ;
+---------------------------+---------------------------------------+


+-------------------------------------------------------------------------------------------------------------------------------+
; Simulation Settings                                                                                                           ;
+---------------------------------------------------------------------------------------------------+---------------------------+
; Option                                                                                            ; Setting                   ;
+---------------------------------------------------------------------------------------------------+---------------------------+
; Tool Name                                                                                         ; ModelSim-Altera (Verilog) ;
; Generate netlist for functional simulation only                                                   ; Off                       ;
; Time scale                                                                                        ; 1 ps                      ;
; Truncate long hierarchy paths                                                                     ; Off                       ;
; Map illegal HDL characters                                                                        ; Off                       ;
; Flatten buses into individual nodes                                                               ; Off                       ;
; Maintain hierarchy                                                                                ; Off                       ;
; Bring out device-wide set/reset signals as ports                                                  ; Off                       ;
; Enable glitch filtering                                                                           ; Off                       ;
; Do not write top level VHDL entity                                                                ; Off                       ;
; Disable detection of setup and hold time violations in the input registers of bi-directional pins ; Off                       ;
; Architecture name in VHDL output netlist                                                          ; structure                 ;
; Generate third-party EDA tool command script for RTL functional simulation                        ; Off                       ;
; Generate third-party EDA tool command script for gate-level simulation                            ; Off                       ;
+---------------------------------------------------------------------------------------------------+---------------------------+


+-------------------------------------------------------------------------------------------------------------+
; Simulation Generated Files                                                                                  ;
+-------------------------------------------------------------------------------------------------------------+
; Generated Files                                                                                             ;
+-------------------------------------------------------------------------------------------------------------+
; /home/18BIS0043/Desktop/Verilog Experiments/Lab2/simulation/modelsim/E2_Full_Adder_7_1200mv_85c_slow.vo     ;
; /home/18BIS0043/Desktop/Verilog Experiments/Lab2/simulation/modelsim/E2_Full_Adder_7_1200mv_0c_slow.vo      ;
; /home/18BIS0043/Desktop/Verilog Experiments/Lab2/simulation/modelsim/E2_Full_Adder_min_1200mv_0c_fast.vo    ;
; /home/18BIS0043/Desktop/Verilog Experiments/Lab2/simulation/modelsim/E2_Full_Adder.vo                       ;
; /home/18BIS0043/Desktop/Verilog Experiments/Lab2/simulation/modelsim/E2_Full_Adder_7_1200mv_85c_v_slow.sdo  ;
; /home/18BIS0043/Desktop/Verilog Experiments/Lab2/simulation/modelsim/E2_Full_Adder_7_1200mv_0c_v_slow.sdo   ;
; /home/18BIS0043/Desktop/Verilog Experiments/Lab2/simulation/modelsim/E2_Full_Adder_min_1200mv_0c_v_fast.sdo ;
; /home/18BIS0043/Desktop/Verilog Experiments/Lab2/simulation/modelsim/E2_Full_Adder_v.sdo                    ;
+-------------------------------------------------------------------------------------------------------------+


+-----------------------------+
; EDA Netlist Writer Messages ;
+-----------------------------+
Info: *******************************************************************
Info: Running Quartus II 64-Bit EDA Netlist Writer
    Info: Version 13.0.0 Build 156 04/24/2013 SJ Full Version
    Info: Processing started: Tue Sep 17 12:17:32 2019
Info: Command: quartus_eda --read_settings_files=off --write_settings_files=off E2_Full_Adder -c E2_Full_Adder
Info (204019): Generated file E2_Full_Adder_7_1200mv_85c_slow.vo in folder "/home/18BIS0043/Desktop/Verilog Experiments/Lab2/simulation/modelsim/" for EDA simulation tool
Info (204019): Generated file E2_Full_Adder_7_1200mv_0c_slow.vo in folder "/home/18BIS0043/Desktop/Verilog Experiments/Lab2/simulation/modelsim/" for EDA simulation tool
Info (204019): Generated file E2_Full_Adder_min_1200mv_0c_fast.vo in folder "/home/18BIS0043/Desktop/Verilog Experiments/Lab2/simulation/modelsim/" for EDA simulation tool
Info (204019): Generated file E2_Full_Adder.vo in folder "/home/18BIS0043/Desktop/Verilog Experiments/Lab2/simulation/modelsim/" for EDA simulation tool
Info (204019): Generated file E2_Full_Adder_7_1200mv_85c_v_slow.sdo in folder "/home/18BIS0043/Desktop/Verilog Experiments/Lab2/simulation/modelsim/" for EDA simulation tool
Info (204019): Generated file E2_Full_Adder_7_1200mv_0c_v_slow.sdo in folder "/home/18BIS0043/Desktop/Verilog Experiments/Lab2/simulation/modelsim/" for EDA simulation tool
Info (204019): Generated file E2_Full_Adder_min_1200mv_0c_v_fast.sdo in folder "/home/18BIS0043/Desktop/Verilog Experiments/Lab2/simulation/modelsim/" for EDA simulation tool
Info (204019): Generated file E2_Full_Adder_v.sdo in folder "/home/18BIS0043/Desktop/Verilog Experiments/Lab2/simulation/modelsim/" for EDA simulation tool
Info: Quartus II 64-Bit EDA Netlist Writer was successful. 0 errors, 0 warnings
    Info: Peak virtual memory: 898 megabytes
    Info: Processing ended: Tue Sep 17 12:17:33 2019
    Info: Elapsed time: 00:00:01
    Info: Total CPU time (on all processors): 00:00:01


