Flow report for SIPO
Thu Oct 24 14:54:45 2019
Quartus II 64-Bit Version 13.0.0 Build 156 04/24/2013 SJ Full Version


---------------------
; Table of Contents ;
---------------------
  1. Legal Notice
  2. Flow Summary
  3. Flow Settings
  4. Flow Non-Default Global Settings
  5. Flow Elapsed Time
  6. Flow OS Summary
  7. Flow Log
  8. Flow Messages
  9. Flow Suppressed Messages



----------------
; Legal Notice ;
----------------
Copyright (C) 1991-2013 Altera Corporation
Your use of Altera Corporation's design tools, logic functions 
and other software and tools, and its AMPP partner logic 
functions, and any output files from any of the foregoing 
(including device programming or simulation files), and any 
associated documentation or information are expressly subject 
to the terms and conditions of the Altera Program License 
Subscription Agreement, Altera MegaCore Function License 
Agreement, or other applicable license agreement, including, 
without limitation, that your use is for the sole purpose of 
programming logic devices manufactured by Altera and sold by 
Altera or its authorized distributors.  Please refer to the 
applicable agreement for further details.



+----------------------------------------------------------------------------------+
; Flow Summary                                                                     ;
+------------------------------------+---------------------------------------------+
; Flow Status                        ; Successful - Thu Oct 24 14:54:41 2019       ;
; Quartus II 64-Bit Version          ; 13.0.0 Build 156 04/24/2013 SJ Full Version ;
; Revision Name                      ; SIPO                                        ;
; Top-level Entity Name              ; SIPO                                        ;
; Family                             ; Cyclone IV E                                ;
; Device                             ; EP4CE115F29C7                               ;
; Timing Models                      ; Final                                       ;
; Total logic elements               ; 4 / 114,480 ( < 1 % )                       ;
;     Total combinational functions  ; 4 / 114,480 ( < 1 % )                       ;
;     Dedicated logic registers      ; 4 / 114,480 ( < 1 % )                       ;
; Total registers                    ; 4                                           ;
; Total pins                         ; 7 / 529 ( 1 % )                             ;
; Total virtual pins                 ; 0                                           ;
; Total memory bits                  ; 0 / 3,981,312 ( 0 % )                       ;
; Embedded Multiplier 9-bit elements ; 0 / 532 ( 0 % )                             ;
; Total PLLs                         ; 0 / 4 ( 0 % )                               ;
+------------------------------------+---------------------------------------------+


+-----------------------------------------+
; Flow Settings                           ;
+-------------------+---------------------+
; Option            ; Setting             ;
+-------------------+---------------------+
; Start date & time ; 10/24/2019 14:54:21 ;
; Main task         ; Compilation         ;
; Revision Name     ; SIPO                ;
+-------------------+---------------------+


+--------------------------------------------------------------------------------------------------------+
; Flow Non-Default Global Settings                                                                       ;
+-------------------------------------+-----------------------+---------------+-------------+------------+
; Assignment Name                     ; Value                 ; Default Value ; Entity Name ; Section Id ;
+-------------------------------------+-----------------------+---------------+-------------+------------+
; COMPILER_SIGNATURE_ID               ; 0.157190906108149     ; --            ; --          ; --         ;
; MAX_CORE_JUNCTION_TEMP              ; 85                    ; --            ; --          ; --         ;
; MIN_CORE_JUNCTION_TEMP              ; 0                     ; --            ; --          ; --         ;
; NOMINAL_CORE_SUPPLY_VOLTAGE         ; 1.2V                  ; --            ; --          ; --         ;
; PARTITION_COLOR                     ; 16764057              ; --            ; --          ; Top        ;
; PARTITION_FITTER_PRESERVATION_LEVEL ; PLACEMENT_AND_ROUTING ; --            ; --          ; Top        ;
; PARTITION_NETLIST_TYPE              ; SOURCE                ; --            ; --          ; Top        ;
; PROJECT_OUTPUT_DIRECTORY            ; output_files          ; --            ; --          ; --         ;
+-------------------------------------+-----------------------+---------------+-------------+------------+


+-------------------------------------------------------------------------------------------------------------------------------+
; Flow Elapsed Time                                                                                                             ;
+---------------------------+--------------+-------------------------+---------------------+------------------------------------+
; Module Name               ; Elapsed Time ; Average Processors Used ; Peak Virtual Memory ; Total CPU Time (on all processors) ;
+---------------------------+--------------+-------------------------+---------------------+------------------------------------+
; Analysis & Synthesis      ; 00:00:01     ; 1.0                     ; 681 MB              ; 00:00:01                           ;
; Fitter                    ; 00:00:11     ; 1.3                     ; 1257 MB             ; 00:00:15                           ;
; Assembler                 ; 00:00:04     ; 1.0                     ; 642 MB              ; 00:00:04                           ;
; TimeQuest Timing Analyzer ; 00:00:02     ; 1.0                     ; 719 MB              ; 00:00:02                           ;
; Total                     ; 00:00:18     ; --                      ; --                  ; 00:00:22                           ;
+---------------------------+--------------+-------------------------+---------------------+------------------------------------+


+--------------------------------------------------------------------------------------+
; Flow OS Summary                                                                      ;
+---------------------------+------------------+---------+------------+----------------+
; Module Name               ; Machine Hostname ; OS Name ; OS Version ; Processor type ;
+---------------------------+------------------+---------+------------+----------------+
; Analysis & Synthesis      ; TT237ASENSE029   ; Red Hat ; 6          ; x86_64         ;
; Fitter                    ; TT237ASENSE029   ; Red Hat ; 6          ; x86_64         ;
; Assembler                 ; TT237ASENSE029   ; Red Hat ; 6          ; x86_64         ;
; TimeQuest Timing Analyzer ; TT237ASENSE029   ; Red Hat ; 6          ; x86_64         ;
+---------------------------+------------------+---------+------------+----------------+


------------
; Flow Log ;
------------
quartus_map --read_settings_files=on --write_settings_files=off SIPO -c SIPO
quartus_fit --read_settings_files=off --write_settings_files=off SIPO -c SIPO
quartus_asm --read_settings_files=off --write_settings_files=off SIPO -c SIPO
quartus_sta SIPO -c SIPO



